#
# There is insufficient memory for the Java Runtime Environment to continue.
# Native memory allocation (malloc) failed to allocate 2504 bytes for AllocateHeap
# Possible reasons:
#   The system is out of physical RAM or swap space
#   The process is running with CompressedOops enabled, and the Java Heap may be blocking the growth of the native heap
# Possible solutions:
#   Reduce memory load on the system
#   Increase physical memory or swap space
#   Check if swap backing store is full
#   Decrease Java heap size (-Xmx/-Xms)
#   Decrease number of Java threads
#   Decrease Java thread stack sizes (-Xss)
#   Set larger code cache with -XX:ReservedCodeCacheSize=
#   JVM is running with Zero Based Compressed Oops mode in which the Java heap is
#     placed in the first 32GB address space. The Java Heap base address is the
#     maximum limit for the native heap growth. Please use -XX:HeapBaseMinAddress
#     to set the Java Heap base and to place the Java Heap above 32GB virtual address.
# This output file may be truncated or incomplete.
#
#  Out of Memory Error (memory/allocation.inline.hpp:61), pid=37864, tid=0x00000000000057e4
#
# JRE version: Java(TM) SE Runtime Environment (8.0_211-b12) (build 1.8.0_211-b12)
# Java VM: Java HotSpot(TM) 64-Bit Server VM (25.211-b12 mixed mode windows-amd64 compressed oops)
# Failed to write core dump. Minidumps are not enabled by default on client versions of Windows
#

---------------  T H R E A D  ---------------

Current thread (0x000000000352c000):  JavaThread "main" [_thread_in_vm, id=22500, stack(0x00000000033d0000,0x00000000034d0000)]

Stack: [0x00000000033d0000,0x00000000034d0000]
[error occurred during error reporting (printing stack bounds), id 0xc0000005]

Native frames: (J=compiled Java code, j=interpreted, Vv=VM code, C=native code)


---------------  P R O C E S S  ---------------

Java Threads: ( => current thread )
  0x000000001ec2d000 JavaThread "Service Thread" daemon [_thread_blocked, id=52536, stack(0x00000000205a0000,0x00000000206a0000)]
  0x000000001eb91800 JavaThread "C1 CompilerThread3" daemon [_thread_blocked, id=16836, stack(0x00000000204a0000,0x00000000205a0000)]
  0x000000001eb8d800 JavaThread "C2 CompilerThread2" daemon [_thread_blocked, id=27540, stack(0x00000000203a0000,0x00000000204a0000)]
  0x000000001eb88800 JavaThread "C2 CompilerThread1" daemon [_thread_blocked, id=39736, stack(0x00000000202a0000,0x00000000203a0000)]
  0x000000001eb85000 JavaThread "C2 CompilerThread0" daemon [_thread_blocked, id=15580, stack(0x00000000201a0000,0x00000000202a0000)]
  0x000000001eb81800 JavaThread "Monitor Ctrl-Break" daemon [_thread_in_Java, id=43120, stack(0x00000000200a0000,0x00000000201a0000)]
  0x000000001eb52800 JavaThread "Attach Listener" daemon [_thread_blocked, id=35056, stack(0x000000001ffa0000,0x00000000200a0000)]
  0x000000001eafc000 JavaThread "Signal Dispatcher" daemon [_thread_blocked, id=27588, stack(0x000000001fea0000,0x000000001ffa0000)]
  0x000000001d408000 JavaThread "Finalizer" daemon [_thread_blocked, id=38436, stack(0x000000001fd30000,0x000000001fe30000)]
  0x000000001ead3000 JavaThread "Reference Handler" daemon [_thread_blocked, id=44916, stack(0x000000001fc30000,0x000000001fd30000)]
=>0x000000000352c000 JavaThread "main" [_thread_in_vm, id=22500, stack(0x00000000033d0000,0x00000000034d0000)]

Other Threads:
  0x000000001eab2800 VMThread [stack: 0x000000001fb30000,0x000000001fc30000] [id=22256]

VM state:not at safepoint (normal execution)

VM Mutex/Monitor currently owned by a thread:  ([mutex/lock_event])
[0x000000000352a030] PeriodicTask_lock - owner thread: 0x000000000352c000

heap address: 0x00000006c1400000, size: 4076 MB, Compressed Oops mode: Zero based, Oop shift amount: 3
Narrow klass base: 0x0000000000000000, Narrow klass shift: 3
Compressed class space size: 1073741824 Address: 0x00000007c0000000

Heap:
 PSYoungGen      total 76288K, used 3937K [0x000000076b180000, 0x0000000770680000, 0x00000007c0000000)
  eden space 65536K, 6% used [0x000000076b180000,0x000000076b558700,0x000000076f180000)
  from space 10752K, 0% used [0x000000076fc00000,0x000000076fc00000,0x0000000770680000)
  to   space 10752K, 0% used [0x000000076f180000,0x000000076f180000,0x000000076fc00000)
 ParOldGen       total 175104K, used 0K [0x00000006c1400000, 0x00000006cbf00000, 0x000000076b180000)
  object space 175104K, 0% used [0x00000006c1400000,0x00000006c1400000,0x00000006cbf00000)
 Metaspace       used 3043K, capacity 4494K, committed 4864K, reserved 1056768K
  class space    used 327K, capacity 386K, committed 512K, reserved 1048576K

Card table byte_map: [0x0000000012b60000,0x0000000013360000] byte_map_base: 0x000000000f556000

Marking Bits: (ParMarkBitMap*) 0x0000000065515ce0
 Begin Bits: [0x00000000142b0000, 0x0000000018260000)
 End Bits:   [0x0000000018260000, 0x000000001c210000)

Polling page: 0x0000000001620000

CodeCache: size=245760Kb used=1103Kb max_used=1112Kb free=244656Kb
 bounds [0x00000000037a0000, 0x0000000003a10000, 0x00000000127a0000]
 total_blobs=270 nmethods=23 adapters=161
 compilation: enabled

Compilation events (10 events):
Event: 0.215 Thread 0x000000001eb85000 nmethod 3 0x00000000038b0dd0 code [0x00000000038b0f00, 0x00000000038b0f58]
Event: 0.215 Thread 0x000000001eb8d800 nmethod 2 0x00000000038a4ed0 code [0x00000000038a5000, 0x00000000038a5058]
Event: 0.216 Thread 0x000000001eb91800 nmethod 18 0x00000000038b6150 code [0x00000000038b6300, 0x00000000038b6738]
Event: 0.216 Thread 0x000000001eb91800   19       3       java.lang.Object::<init> (1 bytes)
Event: 0.216 Thread 0x000000001eb91800 nmethod 19 0x00000000038b5e10 code [0x00000000038b5f60, 0x00000000038b60b0]
Event: 0.216 Thread 0x000000001eb91800   20       3       java.io.File::isDirectory (43 bytes)
Event: 0.216 Thread 0x000000001eb91800 nmethod 20 0x00000000038b56d0 code [0x00000000038b5860, 0x00000000038b5ce8]
Event: 0.217 Thread 0x000000001eb88800 nmethod 14 0x00000000038b2610 code [0x00000000038b2740, 0x00000000038b28b8]
Event: 0.217 Thread 0x000000001eb91800   21       3       java.lang.Math::min (11 bytes)
Event: 0.217 Thread 0x000000001eb91800 nmethod 21 0x00000000038b22d0 code [0x00000000038b2420, 0x00000000038b25b0]

GC Heap History (0 events):
No events

Deoptimization events (0 events):
No events

Classes redefined (0 events):
No events

Internal exceptions (2 events):
Event: 0.041 Thread 0x000000000352c000 Exception <a 'java/lang/NoSuchMethodError': Method sun.misc.Unsafe.defineClass(Ljava/lang/String;[BII)Ljava/lang/Class; name or signature does not match> (0x000000076b187cb0) thrown at [C:\re\workspace\8-2-build-windows-amd64-cygwin\jdk8u211\12973\hotspot
Event: 0.041 Thread 0x000000000352c000 Exception <a 'java/lang/NoSuchMethodError': Method sun.misc.Unsafe.prefetchRead(Ljava/lang/Object;J)V name or signature does not match> (0x000000076b187f98) thrown at [C:\re\workspace\8-2-build-windows-amd64-cygwin\jdk8u211\12973\hotspot\src\share\vm\prim

Events (10 events):
Event: 0.217 loading class java/net/PlainSocketImpl
Event: 0.217 loading class java/net/AbstractPlainSocketImpl
Event: 0.217 loading class java/io/FileOutputStream$1
Event: 0.217 loading class java/io/FileOutputStream$1 done
Event: 0.217 loading class java/net/SocketImpl
Event: 0.218 loading class java/net/SocketOptions
Event: 0.218 loading class java/net/SocketOptions done
Event: 0.218 loading class java/net/SocketImpl done
Event: 0.218 loading class java/net/AbstractPlainSocketImpl done
Event: 0.218 loading class java/net/PlainSocketImpl done


Dynamic libraries:
0x00007ff7e8600000 - 0x00007ff7e8637000 	D:\Java\jdk1.8\bin\java.exe
0x00007fff29780000 - 0x00007fff29989000 	C:\WINDOWS\SYSTEM32\ntdll.dll
0x00007fff28600000 - 0x00007fff286be000 	C:\WINDOWS\System32\KERNEL32.DLL
0x00007fff26c50000 - 0x00007fff26fcc000 	C:\WINDOWS\System32\KERNELBASE.dll
0x00007fff27a30000 - 0x00007fff27ade000 	C:\WINDOWS\System32\ADVAPI32.dll
0x00007fff27600000 - 0x00007fff276a3000 	C:\WINDOWS\System32\msvcrt.dll
0x00007fff29680000 - 0x00007fff2971e000 	C:\WINDOWS\System32\sechost.dll
0x00007fff27ae0000 - 0x00007fff27c00000 	C:\WINDOWS\System32\RPCRT4.dll
0x00007fff28190000 - 0x00007fff2833d000 	C:\WINDOWS\System32\USER32.dll
0x00007fff275d0000 - 0x00007fff275f6000 	C:\WINDOWS\System32\win32u.dll
0x00007fff29650000 - 0x00007fff29679000 	C:\WINDOWS\System32\GDI32.dll
0x00007fff27100000 - 0x00007fff27218000 	C:\WINDOWS\System32\gdi32full.dll
0x00007fff27220000 - 0x00007fff272bd000 	C:\WINDOWS\System32\msvcp_win.dll
0x00007fff274b0000 - 0x00007fff275c1000 	C:\WINDOWS\System32\ucrtbase.dll
0x00007fff158d0000 - 0x00007fff15b75000 	C:\WINDOWS\WinSxS\amd64_microsoft.windows.common-controls_6595b64144ccf1df_6.0.22000.120_none_9d947278b86cc467\COMCTL32.dll
0x00007fff286d0000 - 0x00007fff28701000 	C:\WINDOWS\System32\IMM32.DLL
0x0000000069430000 - 0x000000006943c000 	D:\360\360Safe\safemon\SafeWrapper.dll
0x00007fff1b670000 - 0x00007fff1b711000 	D:\360\360Safe\safemon\libzdtp64.dll
0x00007fff28c50000 - 0x00007fff29415000 	C:\WINDOWS\System32\SHELL32.dll
0x00007fff28b80000 - 0x00007fff28bdd000 	C:\WINDOWS\System32\SHLWAPI.dll
0x00007fff26600000 - 0x00007fff2660a000 	C:\WINDOWS\SYSTEM32\VERSION.dll
0x00000000664f0000 - 0x00000000665c2000 	D:\Java\jdk1.8\jre\bin\msvcr100.dll
0x0000000064cf0000 - 0x0000000065595000 	D:\Java\jdk1.8\jre\bin\server\jvm.dll
0x00007fff29640000 - 0x00007fff29648000 	C:\WINDOWS\System32\PSAPI.DLL
0x00007fff16a70000 - 0x00007fff16a79000 	C:\WINDOWS\SYSTEM32\WSOCK32.dll
0x00007fff21bb0000 - 0x00007fff21be3000 	C:\WINDOWS\SYSTEM32\WINMM.dll
0x00007fff28790000 - 0x00007fff287ff000 	C:\WINDOWS\System32\WS2_32.dll
0x00007fff22330000 - 0x00007fff2233f000 	D:\Java\jdk1.8\jre\bin\verify.dll
0x00007fff0efb0000 - 0x00007fff0efd9000 	C:\WINDOWS\System32\ADVAPI32.dll
0x00007fff0e490000 - 0x00007fff0e4b3000 	C:\WINDOWS\System32\USER32.dll
0x00007fff1fba0000 - 0x00007fff1fbb6000 	C:\WINDOWS\System32\msvcp_win.dll
0x00007fff24c90000 - 0x00007fff254f5000 	C:\WINDOWS\WinSxS\amd64_microsoft.windows.common-controls_6595b64144ccf1df_6.0.22000.120_none_9d947278b86cc467\COMCTL32.dll
0x00007fff28800000 - 0x00007fff28b76000 	D:\360\360Safe\safemon\libzdtp64.dll
0x00007fff24b20000 - 0x00007fff24c86000 	C:\WINDOWS\System32\SHLWAPI.dll
0x00007fff28510000 - 0x00007fff285fa000 	D:\Java\jdk1.8\jre\bin\msvcr100.dll
0x00007fff26b80000 - 0x00007fff26ba1000 	C:\WINDOWS\System32\PSAPI.DLL
0x00007fff1ef90000 - 0x00007fff1efaa000 	D:\idea2022.1.3\IntelliJ IDEA 2022.1.3\bin\breakgen64.dll
0x00007fff1dbb0000 - 0x00007fff1dbca000 	D:\Java\jdk1.8\jre\bin\verify.dll
0x00007fff21020000 - 0x00007fff2120f000 	C:\WINDOWS\SYSTEM32\urlmon.dll
0x00007fff20d60000 - 0x00007fff21013000 	C:\WINDOWS\System32\KERNELBASE.dll
0x00007fff21550000 - 0x00007fff21578000 	C:\WINDOWS\System32\win32u.dll
0x00007fff25660000 - 0x00007fff2566c000 	C:\WINDOWS\System32\msvcp_win.dll
0x00007fff260c0000 - 0x00007fff26127000 	C:\WINDOWS\System32\IMM32.DLL

VM Arguments:
jvm_args: -ea -Didea.test.cyclic.buffer.size=1048576 -javaagent:D:\idea2022.1.3\IntelliJ IDEA 2022.1.3\lib\idea_rt.jar=13731:D:\idea2022.1.3\IntelliJ IDEA 2022.1.3\bin -Dfile.encoding=UTF-8 
java_command: com.intellij.rt.junit.JUnitStarter -ideVersion5 -junit5 com.example.papermanagementsystem.PaperManagementSystemApplicationTests,TestLogin
java_class_path (initial): C:\Users\26593\.m2\repository\org\junit\platform\junit-platform-launcher\1.8.2\junit-platform-launcher-1.8.2.jar;C:\Users\26593\.m2\repository\org\junit\vintage\junit-vintage-engine\5.8.2\junit-vintage-engine-5.8.2.jar;D:\idea2022.1.3\IntelliJ IDEA 2022.1.3\lib\idea_rt.jar;D:\idea2022.1.3\IntelliJ IDEA 2022.1.3\plugins\junit\lib\junit5-rt.jar;D:\idea2022.1.3\IntelliJ IDEA 2022.1.3\plugins\junit\lib\junit-rt.jar;D:\java\jdk1.8\jre\lib\charsets.jar;D:\java\jdk1.8\jre\lib\deploy.jar;D:\java\jdk1.8\jre\lib\ext\access-bridge-64.jar;D:\java\jdk1.8\jre\lib\ext\cldrdata.jar;D:\java\jdk1.8\jre\lib\ext\dnsns.jar;D:\java\jdk1.8\jre\lib\ext\jaccess.jar;D:\java\jdk1.8\jre\lib\ext\jfxrt.jar;D:\java\jdk1.8\jre\lib\ext\localedata.jar;D:\java\jdk1.8\jre\lib\ext\nashorn.jar;D:\java\jdk1.8\jre\lib\ext\sunec.jar;D:\java\jdk1.8\jre\lib\ext\sunjce_provider.jar;D:\java\jdk1.8\jre\lib\ext\sunmscapi.jar;D:\java\jdk1.8\jre\lib\ext\sunpkcs11.jar;D:\java\jdk1.8\jre\lib\ext\zipfs.jar;D:\java\jdk1.8\jre\lib\javaws.jar;D:\java\jdk1.8\jre\lib\jce.jar;D:\java\jdk1.8\jre\lib\jfr.jar;D:\java\jdk1.8\jre\lib\jfxswt.jar;D:\java\jdk1.8\jre\lib\jsse.jar;D:\java\jdk1.8\jre\lib\management-agent.jar;D:\java\jdk1.8\jre\lib\plugin.jar;D:\java\jdk1.8\jre\lib\resources.jar;D:\java\jdk1.8\jre\lib\rt.jar;D:\1javawork\1ecnu_other_projs\PaperManagementSystem\target\test-classes;D:\1javawork\1ecnu_other_projs\PaperManagementSystem\target\classes;C:\Users\26593\.m2\repository\org\springframework\boot\spring-boot-starter-data-redis\2.7.10\spring-boot-starter-data-redis-2.7.10.jar;C:\Users\26593\.m2\repository\org\springframework\boot\spring-boot-starter\2.7.10\spring-boot-starter-2.7.10.jar;C:\Users\26593\.m2\repository\org\springframework\boot\spring-boot-starter-logging\2.7.10\spring-boot-starter-logging-2.7.10.jar;C:\Users\26593\.m2\repository\ch\qos\logback\logback-classic\1.2.11\logback-classic-1.2.11.jar;C:\Users\26593\.m2\repository\ch\qos\logback\logback-core\1.2.11\logback-core-1.2
Launcher Type: SUN_STANDARD

Environment Variables:
JAVA_HOME=D:\java\jdk1.8
CLASSPATH=.;D:\java\jdk1.8\lib;D:\java\jdk1.8\lib\tools.jar
USERNAME=26593
OS=Windows_NT
PROCESSOR_IDENTIFIER=Intel64 Family 6 Model 158 Stepping 10, GenuineIntel



---------------  S Y S T E M  ---------------

OS: Windows 10.0 , 64 bit Build 22000 (10.0.22000.1516)

CPU:total 12 (initial active 12) (6 cores per cpu, 2 threads per core) family 6 model 158 stepping 10, cmov, cx8, fxsr, mmx, sse, sse2, sse3, ssse3, sse4.1, sse4.2, popcnt, avx, avx2, aes, clmul, erms, 3dnowpref, lzcnt, ht, tsc, tscinvbit, bmi1, bmi2, adx

Memory: 4k page, physical 16694772k(2285528k free), swap 32042960k(4316k free)

vm_info: Java HotSpot(TM) 64-Bit Server VM (25.211-b12) for windows-amd64 JRE (1.8.0_211-b12), built on Apr  1 2019 20:53:26 by "java_re" with MS VC++ 10.0 (VS2010)

time: Sat Apr 22 16:06:29 2023
timezone: 中国标准时间
elapsed time: 0 seconds (0d 0h 0m 0s)

